<?xml version="1.0" encoding="UTF-8"?>
<!-- Generated by org.testng.reporters.JUnitXMLReporter -->
<testsuite ignored="18" hostname="NEELADRI" failures="0" tests="10" name="Test" time="108.758" errors="0" timestamp="2021-09-23T11:34:13 IST">
  <testcase classname="testCases.ValidateTitle" name="titleValidation" time="0.026"/>
  <testcase classname="testCases.ValidateTrackOrder" name="trackOrderValidation" time="4.031"/>
  <testcase classname="testCases.ValidateHelp" name="helpValidation" time="0.883"/>
  <testcase classname="testCases.ValidateCart" name="cartValidation" time="0.919"/>
  <testcase classname="testCases.ValidateStores" name="storesValidation" time="3.263"/>
  <testcase classname="testCases.ValidateCustomerStory" name="customerStoryValidation" time="1.12"/>
  <testcase classname="testCases.ValidateBulkOrders" name="bulkOrderValidation" time="3.864"/>
  <testcase classname="testCases.ValidateSearch" name="searchValidation" time="1.716"/>
  <testcase classname="testCases.ValidateGiftCard" name="giftsValidation" time="2.37"/>
  <testcase classname="testCases.ValidateWishlist" name="wishlistValidation" time="0.858"/>
  <testcase classname="resources.Base" name="@BeforeTest initializeReporter" time="0.0">
    <ignored/>
  </testcase> <!-- @BeforeTest initializeReporter -->
  <testcase classname="resources.Base" name="@BeforeTest initializeReporter" time="0.0">
    <ignored/>
  </testcase> <!-- @BeforeTest initializeReporter -->
  <testcase classname="resources.Base" name="@BeforeTest initializeReporter" time="0.0">
    <ignored/>
  </testcase> <!-- @BeforeTest initializeReporter -->
  <testcase classname="resources.Base" name="@BeforeTest initializeReporter" time="0.0">
    <ignored/>
  </testcase> <!-- @BeforeTest initializeReporter -->
  <testcase classname="resources.Base" name="@BeforeTest initializeReporter" time="0.0">
    <ignored/>
  </testcase> <!-- @BeforeTest initializeReporter -->
  <testcase classname="resources.Base" name="@BeforeTest initializeReporter" time="0.0">
    <ignored/>
  </testcase> <!-- @BeforeTest initializeReporter -->
  <testcase classname="resources.Base" name="@BeforeTest initializeReporter" time="0.0">
    <ignored/>
  </testcase> <!-- @BeforeTest initializeReporter -->
  <testcase classname="resources.Base" name="@BeforeTest initializeReporter" time="0.0">
    <ignored/>
  </testcase> <!-- @BeforeTest initializeReporter -->
  <testcase classname="resources.Base" name="@BeforeTest initializeReporter" time="0.0">
    <ignored/>
  </testcase> <!-- @BeforeTest initializeReporter -->
  <testcase classname="resources.Base" name="@AfterTest afterTestTeardown" time="0.0">
    <ignored/>
  </testcase> <!-- @AfterTest afterTestTeardown -->
  <testcase classname="resources.Base" name="@AfterTest afterTestTeardown" time="0.0">
    <ignored/>
  </testcase> <!-- @AfterTest afterTestTeardown -->
  <testcase classname="resources.Base" name="@AfterTest afterTestTeardown" time="0.0">
    <ignored/>
  </testcase> <!-- @AfterTest afterTestTeardown -->
  <testcase classname="resources.Base" name="@AfterTest afterTestTeardown" time="0.0">
    <ignored/>
  </testcase> <!-- @AfterTest afterTestTeardown -->
  <testcase classname="resources.Base" name="@AfterTest afterTestTeardown" time="0.0">
    <ignored/>
  </testcase> <!-- @AfterTest afterTestTeardown -->
  <testcase classname="resources.Base" name="@AfterTest afterTestTeardown" time="0.0">
    <ignored/>
  </testcase> <!-- @AfterTest afterTestTeardown -->
  <testcase classname="resources.Base" name="@AfterTest afterTestTeardown" time="0.0">
    <ignored/>
  </testcase> <!-- @AfterTest afterTestTeardown -->
  <testcase classname="resources.Base" name="@AfterTest afterTestTeardown" time="0.0">
    <ignored/>
  </testcase> <!-- @AfterTest afterTestTeardown -->
  <testcase classname="resources.Base" name="@AfterTest afterTestTeardown" time="0.0">
    <ignored/>
  </testcase> <!-- @AfterTest afterTestTeardown -->
</testsuite> <!-- Test -->
